<?xml version="1.0" encoding="UTF-8"?>
<testng-results ignored="0" total="2" passed="2" failed="0" skipped="0">
  <reporter-output>
  </reporter-output>
  <suite started-at="2022-05-20T09:18:24 IST" name="Default suite" finished-at="2022-05-20T09:18:24 IST" duration-ms="98">
    <groups>
    </groups>
    <test started-at="2022-05-20T09:18:24 IST" name="Default test" finished-at="2022-05-20T09:18:24 IST" duration-ms="98">
      <class name="SampleProject1.SampleProject1.HRMProject">
        <test-method signature="hrmProject(java.lang.String,java.lang.String,java.lang.String,java.lang.String)[pri:0, instance:SampleProject1.SampleProject1.HRMProject@9f116cc]" started-at="2022-05-20T09:18:24 IST" name="hrmProject" data-provider="dataDriven" finished-at="2022-05-20T09:18:24 IST" duration-ms="11" status="PASS">
          <params>
            <param index="0">
              <value>
                <![CDATA[admin]]>
              </value>
            </param>
            <param index="1">
              <value>
                <![CDATA[Admin123]]>
              </value>
            </param>
            <param index="2">
              <value>
                <![CDATA[Hello]]>
              </value>
            </param>
            <param index="3">
              <value>
                <![CDATA[world]]>
              </value>
            </param>
          </params>
          <reporter-output>
          </reporter-output>
        </test-method> <!-- hrmProject -->
        <test-method signature="hrmProject(java.lang.String,java.lang.String,java.lang.String,java.lang.String)[pri:0, instance:SampleProject1.SampleProject1.HRMProject@9f116cc]" started-at="2022-05-20T09:18:24 IST" name="hrmProject" data-provider="dataDriven" finished-at="2022-05-20T09:18:24 IST" duration-ms="2" status="PASS">
          <params>
            <param index="0">
              <value>
                <![CDATA[Admin]]>
              </value>
            </param>
            <param index="1">
              <value>
                <![CDATA[admin123]]>
              </value>
            </param>
            <param index="2">
              <value>
                <![CDATA[Hello]]>
              </value>
            </param>
            <param index="3">
              <value>
                <![CDATA[world]]>
              </value>
            </param>
          </params>
          <reporter-output>
          </reporter-output>
        </test-method> <!-- hrmProject -->
      </class> <!-- SampleProject1.SampleProject1.HRMProject -->
    </test> <!-- Default test -->
  </suite> <!-- Default suite -->
</testng-results>
